Build started 2011-01-26 00:52:18.
     1>Project "C:\Users\Krystian\Desktop\GRA_MODELE_KONIEC - 33333\glgame.vcxproj" on node 2 (build target(s)).
     1>InitializeBuildStatus:
         Creating "Debug\glgame.unsuccessfulbuild" because "AlwaysCreate" was specified.
       ClCompile:
         c:\Program Files (x86)\Microsoft Visual Studio 10.0\VC\bin\CL.exe /c /ZI /nologo /W3 /WX- /Od /Oy- /D WIN32 /D _DEBUG /D _CONSOLE /D _UNICODE /D UNICODE /Gm /EHsc /RTC1 /MDd /GS /fp:precise /Zc:wchar_t /Zc:forScope /Fo"Debug\\" /Fd"Debug\vc100.pdb" /Gd /TP /analyze- /errorReport:prompt gl.cpp
         gl.cpp
       ManifestResourceCompile:
         All outputs are up-to-date.
       Link:
         c:\Program Files (x86)\Microsoft Visual Studio 10.0\VC\bin\link.exe /ERRORREPORT:PROMPT /OUT:"C:\Users\Krystian\Desktop\GRA_MODELE_KONIEC - 33333\Debug\glgame.exe" /INCREMENTAL /NOLOGO kernel32.lib user32.lib gdi32.lib winspool.lib comdlg32.lib advapi32.lib shell32.lib ole32.lib oleaut32.lib uuid.lib odbc32.lib odbccp32.lib /MANIFEST /ManifestFile:"Debug\glgame.exe.intermediate.manifest" /MANIFESTUAC:"level='asInvoker' uiAccess='false'" /DEBUG /PDB:"C:\Users\Krystian\Desktop\GRA_MODELE_KONIEC - 33333\Debug\glgame.pdb" /SUBSYSTEM:CONSOLE /TLBID:1 /DYNAMICBASE /NXCOMPAT /IMPLIB:"C:\Users\Krystian\Desktop\GRA_MODELE_KONIEC - 33333\Debug\glgame.lib" /MACHINE:X86 Debug\glgame.exe.embed.manifest.res
         Debug\bmp.obj
         Debug\gl.obj
         Debug\glgame.obj
         Debug\loader_ase.obj
         Debug\md2.obj
         Debug\pcx.obj
         Debug\texture.obj
         Debug\tga.obj
       Manifest:
         c:\Program Files (x86)\Microsoft SDKs\Windows\v7.0A\bin\mt.exe /nologo /verbose /out:"Debug\glgame.exe.embed.manifest" /manifest Debug\glgame.exe.intermediate.manifest
         All outputs are up-to-date.
       LinkEmbedManifest:
         All outputs are up-to-date.
         glgame.vcxproj -> C:\Users\Krystian\Desktop\GRA_MODELE_KONIEC - 33333\Debug\glgame.exe
       FinalizeBuildStatus:
         Deleting file "Debug\glgame.unsuccessfulbuild".
         Touching "Debug\glgame.lastbuildstate".
     1>Done Building Project "C:\Users\Krystian\Desktop\GRA_MODELE_KONIEC - 33333\glgame.vcxproj" (build target(s)).

Build succeeded.

Time Elapsed 00:00:02.93
